  main.cpp
  Source.cpp
C:\Users\Mihu\source\repos\Project15\main.cpp(17,5): error C2248: 'A::prywatny': cannot access private member declared in class 'A'
  C:\Users\Mihu\source\repos\Project15\Header.h(9,9):
  see declaration of 'A::prywatny'
  C:\Users\Mihu\source\repos\Project15\Header.h(3,7):
  see declaration of 'A'
  
C:\Users\Mihu\source\repos\Project15\main.cpp(28,5): error C2247: 'A::publiczny' not accessible because 'B' uses 'private' to inherit from 'A'
  C:\Users\Mihu\source\repos\Project15\Header.h(6,9):
  see declaration of 'A::publiczny'
  C:\Users\Mihu\source\repos\Project15\Header.h(15,7):
  see declaration of 'B'
  C:\Users\Mihu\source\repos\Project15\Header.h(3,7):
  see declaration of 'A'
  
C:\Users\Mihu\source\repos\Project15\main.cpp(28,5): error C2248: 'A::publiczny': cannot access private member declared in class 'B'
  C:\Users\Mihu\source\repos\Project15\Header.h(6,9):
  see declaration of 'A::publiczny'
  C:\Users\Mihu\source\repos\Project15\Header.h(15,7):
  see declaration of 'B'
  
C:\Users\Mihu\source\repos\Project15\main.cpp(29,5): error C2248: 'A::prywatny': cannot access private member declared in class 'A'
  C:\Users\Mihu\source\repos\Project15\Header.h(9,9):
  see declaration of 'A::prywatny'
  C:\Users\Mihu\source\repos\Project15\Header.h(3,7):
  see declaration of 'A'
  
C:\Users\Mihu\source\repos\Project15\main.cpp(30,5): error C2248: 'A::chroniony': cannot access inaccessible member declared in class 'A'
  C:\Users\Mihu\source\repos\Project15\Header.h(11,9):
  see declaration of 'A::chroniony'
  C:\Users\Mihu\source\repos\Project15\Header.h(3,7):
  see declaration of 'A'
  
C:\Users\Mihu\source\repos\Project15\main.cpp(32,5): error C2248: 'B::prywatnyB': cannot access private member declared in class 'B'
  C:\Users\Mihu\source\repos\Project15\Header.h(21,9):
  see declaration of 'B::prywatnyB'
  C:\Users\Mihu\source\repos\Project15\Header.h(15,7):
  see declaration of 'B'
  
  Generating Code...
